2017-06-06 23:47:28,544 INFO  [TaskTest] rozetkaTests.TaskTest@4b45a2f5 
2017-06-06 23:50:10,813 INFO  [Log] ---------------------------------------------------------------------------------------- 
2017-06-06 23:50:10,813 INFO  [Log] $$$$$$$$$$$$$$$$$$$$$              rozetkaTests.TaskTest@33c911a1       $$$$$$$$$$$$$$$$$$$$$$$$$ 
2017-06-06 23:50:10,813 INFO  [Log] ---------------------------------------------------------------------------------------- 
2017-06-06 23:52:23,941 INFO  [Log] ---------------------------------------------------------------------------------------- 
2017-06-06 23:52:23,941 INFO  [Log] $$$$$$$$$$$$$$$$$$$$$              rozetkaTests.TaskTest@75db5df9       $$$$$$$$$$$$$$$$$$$$$$$$$ 
2017-06-06 23:52:23,941 INFO  [Log] ---------------------------------------------------------------------------------------- 
2017-06-06 23:53:46,829 INFO  [Log] ---------------------------------------------------------------------------------------- 
2017-06-06 23:53:46,829 INFO  [Log] $$$$$$$$$$$$$$$$$$$$$              rozetkaTests.TaskTest@33c911a1       $$$$$$$$$$$$$$$$$$$$$$$$$ 
2017-06-06 23:53:46,829 INFO  [Log] ---------------------------------------------------------------------------------------- 
2017-06-06 23:53:53,584 INFO  [Log] Samsung Galaxy J1 2016 SM-J120H Black + защитное стекло + чехол!, 2 799 грн 
2017-06-06 23:53:53,584 INFO  [Log] Motorola MOTO G4 (XT1622) Black, 4 333 грн 
2017-06-06 23:54:06,003 INFO  [Log] Doogee X5 Max Pro Black, 2 199 грн 
2017-06-06 23:54:06,003 INFO  [Log] Nous NS 5006 Rose Gold, 2 555 грн 
2017-06-06 23:54:06,003 INFO  [Log] Lenovo Vibe P1m White, 2 795 грн 
2017-06-06 23:55:48,323 INFO  [Log] -----------------------           --- END ---       -------------------------- 
2017-06-06 23:59:34,965 INFO  [Log] ---------------------------------------------------------------------------------------- 
2017-06-06 23:59:34,965 INFO  [Log] $$$$$$$$$$$$$$$$$$$$$              rozetkaTests.TaskTest@33c911a1       $$$$$$$$$$$$$$$$$$$$$$$$$ 
2017-06-06 23:59:34,965 INFO  [Log] ---------------------------------------------------------------------------------------- 
2017-06-06 23:59:43,331 INFO  [Log] Samsung Galaxy J1 2016 SM-J120H Black + защитное стекло + чехол!, 2 799 грн 
2017-06-06 23:59:43,331 INFO  [Log] Motorola MOTO G4 (XT1622) Black, 4 333 грн 
2017-06-06 23:59:55,682 INFO  [Log] Doogee X5 Max Pro Black, 2 199 грн 
2017-06-06 23:59:55,682 INFO  [Log] Lenovo Vibe P1m White, 2 795 грн 
2017-06-07 00:21:30,042 INFO  [Log] ---------------------------------------------------------------------------------------- 
2017-06-07 00:21:30,042 INFO  [Log] $$$$$$$$$$$$$$$$$$$$$              rozetkaTests.TaskTest@3c0be339       $$$$$$$$$$$$$$$$$$$$$$$$$ 
2017-06-07 00:21:30,042 INFO  [Log] ---------------------------------------------------------------------------------------- 
2017-06-07 00:21:37,285 INFO  [Log] Samsung Galaxy J1 2016 SM-J120H Black + защитное стекло + чехол!, 2 799 грн 
2017-06-07 00:21:37,285 INFO  [Log] Motorola MOTO G4 (XT1622) Black, 4 333 грн 
2017-06-07 00:21:37,285 INFO  [Log] Nous NS 5006 Rose Gold, 2 555 грн 
2017-06-07 00:21:37,305 INFO  [Log] Page1: 3 
2017-06-07 00:21:49,631 INFO  [Log] Doogee X5 Max Pro Black, 2 199 грн 
2017-06-07 00:21:49,631 INFO  [Log] Lenovo Vibe P1m White, 2 795 грн 
2017-06-07 00:21:49,641 INFO  [Log] Page2: 2 
2017-06-07 00:22:35,626 INFO  [Log] ---------------------------------------------------------------------------------------- 
2017-06-07 00:22:35,627 INFO  [Log] $$$$$$$$$$$$$$$$$$$$$              rozetkaTests.TaskTest@3c0be339       $$$$$$$$$$$$$$$$$$$$$$$$$ 
2017-06-07 00:22:35,627 INFO  [Log] ---------------------------------------------------------------------------------------- 
2017-06-07 00:22:43,631 INFO  [Log] Samsung Galaxy J1 2016 SM-J120H Black + защитное стекло + чехол!, 2 799 грн 
2017-06-07 00:22:43,631 INFO  [Log] Motorola MOTO G4 (XT1622) Black, 4 333 грн 
2017-06-07 00:22:43,631 INFO  [Log] Nous NS 5006 Rose Gold, 2 555 грн 
2017-06-07 00:22:43,651 INFO  [Log] Page1: 3 
2017-06-07 00:22:55,985 INFO  [Log] Doogee X5 Max Pro Black, 2 199 грн 
2017-06-07 00:22:55,985 INFO  [Log] Lenovo Vibe P1m White, 2 795 грн 
2017-06-07 00:22:55,995 INFO  [Log] Page2: 2 
2017-06-07 00:23:26,346 INFO  [Log] ---------------------------------------------------------------------------------------- 
2017-06-07 00:23:26,346 INFO  [Log] $$$$$$$$$$$$$$$$$$$$$              rozetkaTests.TaskTest@33c911a1       $$$$$$$$$$$$$$$$$$$$$$$$$ 
2017-06-07 00:23:26,346 INFO  [Log] ---------------------------------------------------------------------------------------- 
2017-06-07 00:23:33,528 INFO  [Log] Samsung Galaxy J1 2016 SM-J120H Black + защитное стекло + чехол!, 2 799 грн 
2017-06-07 00:23:33,528 INFO  [Log] Motorola MOTO G4 (XT1622) Black, 4 333 грн 
2017-06-07 00:23:33,528 INFO  [Log] Nous NS 5006 Rose Gold, 2 555 грн 
2017-06-07 00:23:33,548 INFO  [Log] Page1: 3 
2017-06-07 00:23:45,902 INFO  [Log] Doogee X5 Max Pro Black, 2 199 грн 
2017-06-07 00:23:45,902 INFO  [Log] Lenovo Vibe P1m White, 2 795 грн 
2017-06-07 00:23:45,912 INFO  [Log] Page2: 2 
2017-06-07 00:25:28,225 INFO  [Log] Page3: 0 
2017-06-07 00:25:28,225 INFO  [Log] -----------------------           --- END ---       -------------------------- 
